# JRE version: OpenJDK Runtime Environment Temurin-21.0.10+7 (21.0.10+7) (build 21.0.10+7-LTS)
# Java VM: OpenJDK 64-Bit Server VM Temurin-21.0.10+7 (21.0.10+7-LTS, mixed mode, sharing, tiered, compressed oops, compressed class ptrs, parallel gc, windows-amd64)
GC Precious Log:
 CardTable entry size: 512
 CPUs: 8 total, 8 available
 Memory: 7959M
 Large Page Support: Disabled
 NUMA Support: Disabled
 Compressed Oops: Enabled (32-bit)
 Alignments: Space 512K, Generation 512K, Heap 2M
 Heap Min Capacity: 100M
 Heap Initial Capacity: 100M
 Heap Max Capacity: 2G
 Pre-touch: Disabled
 Parallel Workers: 8
Heap:
 PSYoungGen      total 5632K, used 688K [0x00000000d5580000, 0x00000000d5d00000, 0x0000000100000000)
  eden space 5120K, 6% used [0x00000000d5580000,0x00000000d55d5128,0x00000000d5a80000)
  from space 512K, 67% used [0x00000000d5c80000,0x00000000d5cd7018,0x00000000d5d00000)
  to   space 512K, 0% used [0x00000000d5c00000,0x00000000d5c00000,0x00000000d5c80000)
 ParOldGen       total 132096K, used 131812K [0x0000000080000000, 0x0000000088100000, 0x00000000d5580000)
  object space 132096K, 99% used [0x0000000080000000,0x00000000880b92c0,0x0000000088100000)
 Metaspace       used 67306K, committed 68736K, reserved 1114112K
  class space    used 6964K, committed 7616K, reserved 1048576K
GC Heap History (20 events):
Event: 33.611 GC heap before
{Heap before GC invocations=94 (full 3):
 PSYoungGen      total 5632K, used 5600K [0x00000000d5580000, 0x00000000d5d80000, 0x0000000100000000)
  eden space 5120K, 100% used [0x00000000d5580000,0x00000000d5a80000,0x00000000d5a80000)
  from space 512K, 93% used [0x00000000d5d00000,0x00000000d5d78020,0x00000000d5d80000)
  to   space 1024K, 0% used [0x00000000d5b80000,0x00000000d5b80000,0x00000000d5c80000)
 ParOldGen       total 129536K, used 129138K [0x0000000080000000, 0x0000000087e80000, 0x00000000d5580000)
  object space 129536K, 99% used [0x0000000080000000,0x0000000087e1cb28,0x0000000087e80000)
 Metaspace       used 66245K, committed 67712K, reserved 1114112K
  class space    used 6847K, committed 7552K, reserved 1048576K
}
Event: 33.620 GC heap after
{Heap after GC invocations=94 (full 3):
 PSYoungGen      total 6144K, used 704K [0x00000000d5580000, 0x00000000d5d80000, 0x0000000100000000)
  eden space 5120K, 0% used [0x00000000d5580000,0x00000000d5580000,0x00000000d5a80000)
  from space 1024K, 68% used [0x00000000d5b80000,0x00000000d5c30298,0x00000000d5c80000)
  to   space 1024K, 0% used [0x00000000d5c80000,0x00000000d5c80000,0x00000000d5d80000)
 ParOldGen       total 130048K, used 129618K [0x0000000080000000, 0x0000000087f00000, 0x00000000d5580000)
  object space 130048K, 99% used [0x0000000080000000,0x0000000087e94b38,0x0000000087f00000)
 Metaspace       used 66245K, committed 67712K, reserved 1114112K
  class space    used 6847K, committed 7552K, reserved 1048576K
}
Event: 34.783 GC heap before
{Heap before GC invocations=95 (full 3):
 PSYoungGen      total 6144K, used 5824K [0x00000000d5580000, 0x00000000d5d80000, 0x0000000100000000)
  eden space 5120K, 100% used [0x00000000d5580000,0x00000000d5a80000,0x00000000d5a80000)
  from space 1024K, 68% used [0x00000000d5b80000,0x00000000d5c30298,0x00000000d5c80000)
  to   space 1024K, 0% used [0x00000000d5c80000,0x00000000d5c80000,0x00000000d5d80000)
 ParOldGen       total 130048K, used 129618K [0x0000000080000000, 0x0000000087f00000, 0x00000000d5580000)
  object space 130048K, 99% used [0x0000000080000000,0x0000000087e94b38,0x0000000087f00000)
 Metaspace       used 66483K, committed 67968K, reserved 1114112K
  class space    used 6861K, committed 7552K, reserved 1048576K
}
Event: 34.788 GC heap after
{Heap after GC invocations=95 (full 3):
 PSYoungGen      total 6144K, used 704K [0x00000000d5580000, 0x00000000d5d80000, 0x0000000100000000)
  eden space 5120K, 0% used [0x00000000d5580000,0x00000000d5580000,0x00000000d5a80000)
  from space 1024K, 68% used [0x00000000d5c80000,0x00000000d5d30010,0x00000000d5d80000)
  to   space 1024K, 0% used [0x00000000d5b80000,0x00000000d5b80000,0x00000000d5c80000)
 ParOldGen       total 130048K, used 130034K [0x0000000080000000, 0x0000000087f00000, 0x00000000d5580000)
  object space 130048K, 99% used [0x0000000080000000,0x0000000087efcb38,0x0000000087f00000)
 Metaspace       used 66483K, committed 67968K, reserved 1114112K
  class space    used 6861K, committed 7552K, reserved 1048576K
}
Event: 34.975 GC heap before
{Heap before GC invocations=96 (full 3):
 PSYoungGen      total 6144K, used 5824K [0x00000000d5580000, 0x00000000d5d80000, 0x0000000100000000)
  eden space 5120K, 100% used [0x00000000d5580000,0x00000000d5a80000,0x00000000d5a80000)
  from space 1024K, 68% used [0x00000000d5c80000,0x00000000d5d30010,0x00000000d5d80000)
  to   space 1024K, 0% used [0x00000000d5b80000,0x00000000d5b80000,0x00000000d5c80000)
 ParOldGen       total 130048K, used 130034K [0x0000000080000000, 0x0000000087f00000, 0x00000000d5580000)
  object space 130048K, 99% used [0x0000000080000000,0x0000000087efcb38,0x0000000087f00000)
 Metaspace       used 66587K, committed 68032K, reserved 1114112K
  class space    used 6870K, committed 7552K, reserved 1048576K
}
Event: 34.981 GC heap after
{Heap after GC invocations=96 (full 3):
 PSYoungGen      total 6144K, used 308K [0x00000000d5580000, 0x00000000d5d00000, 0x0000000100000000)
  eden space 5120K, 0% used [0x00000000d5580000,0x00000000d5580000,0x00000000d5a80000)
  from space 1024K, 30% used [0x00000000d5b80000,0x00000000d5bcd200,0x00000000d5c80000)
  to   space 512K, 0% used [0x00000000d5c80000,0x00000000d5c80000,0x00000000d5d00000)
 ParOldGen       total 131072K, used 130656K [0x0000000080000000, 0x0000000088000000, 0x00000000d5580000)
  object space 131072K, 99% used [0x0000000080000000,0x0000000087f98070,0x0000000088000000)
 Metaspace       used 66587K, committed 68032K, reserved 1114112K
  class space    used 6870K, committed 7552K, reserved 1048576K
}
Event: 35.074 GC heap before
{Heap before GC invocations=97 (full 3):
 PSYoungGen      total 6144K, used 5415K [0x00000000d5580000, 0x00000000d5d00000, 0x0000000100000000)
  eden space 5120K, 99% used [0x00000000d5580000,0x00000000d5a7cc90,0x00000000d5a80000)
  from space 1024K, 30% used [0x00000000d5b80000,0x00000000d5bcd200,0x00000000d5c80000)
  to   space 512K, 0% used [0x00000000d5c80000,0x00000000d5c80000,0x00000000d5d00000)
 ParOldGen       total 131072K, used 130656K [0x0000000080000000, 0x0000000088000000, 0x00000000d5580000)
  object space 131072K, 99% used [0x0000000080000000,0x0000000087f98070,0x0000000088000000)
 Metaspace       used 66592K, committed 68032K, reserved 1114112K
  class space    used 6870K, committed 7552K, reserved 1048576K
}
Event: 35.077 GC heap after
{Heap after GC invocations=97 (full 3):
 PSYoungGen      total 5632K, used 384K [0x00000000d5580000, 0x00000000d5d00000, 0x0000000100000000)
  eden space 5120K, 0% used [0x00000000d5580000,0x00000000d5580000,0x00000000d5a80000)
  from space 512K, 75% used [0x00000000d5c80000,0x00000000d5ce0020,0x00000000d5d00000)
  to   space 512K, 0% used [0x00000000d5c00000,0x00000000d5c00000,0x00000000d5c80000)
 ParOldGen       total 131072K, used 130876K [0x0000000080000000, 0x0000000088000000, 0x00000000d5580000)
  object space 131072K, 99% used [0x0000000080000000,0x0000000087fcf270,0x0000000088000000)
 Metaspace       used 66592K, committed 68032K, reserved 1114112K
  class space    used 6870K, committed 7552K, reserved 1048576K
}
Event: 35.133 GC heap before
{Heap before GC invocations=98 (full 3):
 PSYoungGen      total 5632K, used 5447K [0x00000000d5580000, 0x00000000d5d00000, 0x0000000100000000)
  eden space 5120K, 98% used [0x00000000d5580000,0x00000000d5a71d38,0x00000000d5a80000)
  from space 512K, 75% used [0x00000000d5c80000,0x00000000d5ce0020,0x00000000d5d00000)
  to   space 512K, 0% used [0x00000000d5c00000,0x00000000d5c00000,0x00000000d5c80000)
 ParOldGen       total 131072K, used 130876K [0x0000000080000000, 0x0000000088000000, 0x00000000d5580000)
  object space 131072K, 99% used [0x0000000080000000,0x0000000087fcf270,0x0000000088000000)
 Metaspace       used 66606K, committed 68032K, reserved 1114112K
  class space    used 6870K, committed 7552K, reserved 1048576K
}
Event: 35.135 GC heap after
{Heap after GC invocations=98 (full 3):
 PSYoungGen      total 5632K, used 224K [0x00000000d5580000, 0x00000000d5d00000, 0x0000000100000000)
  eden space 5120K, 0% used [0x00000000d5580000,0x00000000d5580000,0x00000000d5a80000)
  from space 512K, 43% used [0x00000000d5c00000,0x00000000d5c38000,0x00000000d5c80000)
  to   space 512K, 0% used [0x00000000d5c80000,0x00000000d5c80000,0x00000000d5d00000)
 ParOldGen       total 131584K, used 131120K [0x0000000080000000, 0x0000000088080000, 0x00000000d5580000)
  object space 131584K, 99% used [0x0000000080000000,0x000000008800c2a0,0x0000000088080000)
 Metaspace       used 66606K, committed 68032K, reserved 1114112K
  class space    used 6870K, committed 7552K, reserved 1048576K
}
Event: 35.220 GC heap before
{Heap before GC invocations=99 (full 3):
 PSYoungGen      total 5632K, used 5342K [0x00000000d5580000, 0x00000000d5d00000, 0x0000000100000000)
  eden space 5120K, 99% used [0x00000000d5580000,0x00000000d5a7fb58,0x00000000d5a80000)
  from space 512K, 43% used [0x00000000d5c00000,0x00000000d5c38000,0x00000000d5c80000)
  to   space 512K, 0% used [0x00000000d5c80000,0x00000000d5c80000,0x00000000d5d00000)
 ParOldGen       total 131584K, used 131120K [0x0000000080000000, 0x0000000088080000, 0x00000000d5580000)
  object space 131584K, 99% used [0x0000000080000000,0x000000008800c2a0,0x0000000088080000)
 Metaspace       used 66675K, committed 68160K, reserved 1114112K
  class space    used 6880K, committed 7552K, reserved 1048576K
}
Event: 35.222 GC heap after
{Heap after GC invocations=99 (full 3):
 PSYoungGen      total 5632K, used 160K [0x00000000d5580000, 0x00000000d5d00000, 0x0000000100000000)
  eden space 5120K, 0% used [0x00000000d5580000,0x00000000d5580000,0x00000000d5a80000)
  from space 512K, 31% used [0x00000000d5c80000,0x00000000d5ca8000,0x00000000d5d00000)
  to   space 512K, 0% used [0x00000000d5c00000,0x00000000d5c00000,0x00000000d5c80000)
 ParOldGen       total 131584K, used 131168K [0x0000000080000000, 0x0000000088080000, 0x00000000d5580000)
  object space 131584K, 99% used [0x0000000080000000,0x00000000880182a0,0x0000000088080000)
 Metaspace       used 66675K, committed 68160K, reserved 1114112K
  class space    used 6880K, committed 7552K, reserved 1048576K
}
Event: 35.964 GC heap before
{Heap before GC invocations=100 (full 3):
 PSYoungGen      total 5632K, used 5280K [0x00000000d5580000, 0x00000000d5d00000, 0x0000000100000000)
  eden space 5120K, 100% used [0x00000000d5580000,0x00000000d5a80000,0x00000000d5a80000)
  from space 512K, 31% used [0x00000000d5c80000,0x00000000d5ca8000,0x00000000d5d00000)
  to   space 512K, 0% used [0x00000000d5c00000,0x00000000d5c00000,0x00000000d5c80000)
 ParOldGen       total 131584K, used 131168K [0x0000000080000000, 0x0000000088080000, 0x00000000d5580000)
  object space 131584K, 99% used [0x0000000080000000,0x00000000880182a0,0x0000000088080000)
 Metaspace       used 66778K, committed 68224K, reserved 1114112K
  class space    used 6886K, committed 7552K, reserved 1048576K
}
Event: 35.966 GC heap after
{Heap after GC invocations=100 (full 3):
 PSYoungGen      total 5632K, used 387K [0x00000000d5580000, 0x00000000d5d00000, 0x0000000100000000)
  eden space 5120K, 0% used [0x00000000d5580000,0x00000000d5580000,0x00000000d5a80000)
  from space 512K, 75% used [0x00000000d5c00000,0x00000000d5c60d20,0x00000000d5c80000)
  to   space 512K, 0% used [0x00000000d5c80000,0x00000000d5c80000,0x00000000d5d00000)
 ParOldGen       total 131584K, used 131240K [0x0000000080000000, 0x0000000088080000, 0x00000000d5580000)
  object space 131584K, 99% used [0x0000000080000000,0x000000008802a2a0,0x0000000088080000)
 Metaspace       used 66778K, committed 68224K, reserved 1114112K
  class space    used 6886K, committed 7552K, reserved 1048576K
}
Event: 36.236 GC heap before
{Heap before GC invocations=101 (full 3):
 PSYoungGen      total 5632K, used 5507K [0x00000000d5580000, 0x00000000d5d00000, 0x0000000100000000)
  eden space 5120K, 99% used [0x00000000d5580000,0x00000000d5a7fff8,0x00000000d5a80000)
  from space 512K, 75% used [0x00000000d5c00000,0x00000000d5c60d20,0x00000000d5c80000)
  to   space 512K, 0% used [0x00000000d5c80000,0x00000000d5c80000,0x00000000d5d00000)
 ParOldGen       total 131584K, used 131240K [0x0000000080000000, 0x0000000088080000, 0x00000000d5580000)
  object space 131584K, 99% used [0x0000000080000000,0x000000008802a2a0,0x0000000088080000)
 Metaspace       used 67200K, committed 68608K, reserved 1114112K
  class space    used 6961K, committed 7616K, reserved 1048576K
}
Event: 36.238 GC heap after
{Heap after GC invocations=101 (full 3):
 PSYoungGen      total 5632K, used 384K [0x00000000d5580000, 0x00000000d5d00000, 0x0000000100000000)
  eden space 5120K, 0% used [0x00000000d5580000,0x00000000d5580000,0x00000000d5a80000)
  from space 512K, 75% used [0x00000000d5c80000,0x00000000d5ce0000,0x00000000d5d00000)
  to   space 512K, 0% used [0x00000000d5c00000,0x00000000d5c00000,0x00000000d5c80000)
 ParOldGen       total 131584K, used 131360K [0x0000000080000000, 0x0000000088080000, 0x00000000d5580000)
  object space 131584K, 99% used [0x0000000080000000,0x00000000880482a0,0x0000000088080000)
 Metaspace       used 67200K, committed 68608K, reserved 1114112K
  class space    used 6961K, committed 7616K, reserved 1048576K
}
Event: 36.452 GC heap before
{Heap before GC invocations=102 (full 3):
 PSYoungGen      total 5632K, used 5504K [0x00000000d5580000, 0x00000000d5d00000, 0x0000000100000000)
  eden space 5120K, 100% used [0x00000000d5580000,0x00000000d5a80000,0x00000000d5a80000)
  from space 512K, 75% used [0x00000000d5c80000,0x00000000d5ce0000,0x00000000d5d00000)
  to   space 512K, 0% used [0x00000000d5c00000,0x00000000d5c00000,0x00000000d5c80000)
 ParOldGen       total 131584K, used 131360K [0x0000000080000000, 0x0000000088080000, 0x00000000d5580000)
  object space 131584K, 99% used [0x0000000080000000,0x00000000880482a0,0x0000000088080000)
 Metaspace       used 67246K, committed 68672K, reserved 1114112K
  class space    used 6961K, committed 7616K, reserved 1048576K
}
Event: 36.454 GC heap after
{Heap after GC invocations=102 (full 3):
 PSYoungGen      total 5632K, used 486K [0x00000000d5580000, 0x00000000d5d00000, 0x0000000100000000)
  eden space 5120K, 0% used [0x00000000d5580000,0x00000000d5580000,0x00000000d5a80000)
  from space 512K, 94% used [0x00000000d5c00000,0x00000000d5c79958,0x00000000d5c80000)
  to   space 512K, 0% used [0x00000000d5c80000,0x00000000d5c80000,0x00000000d5d00000)
 ParOldGen       total 131584K, used 131508K [0x0000000080000000, 0x0000000088080000, 0x00000000d5580000)
  object space 131584K, 99% used [0x0000000080000000,0x000000008806d2e0,0x0000000088080000)
 Metaspace       used 67246K, committed 68672K, reserved 1114112K
  class space    used 6961K, committed 7616K, reserved 1048576K
}
Event: 68.462 GC heap before
{Heap before GC invocations=103 (full 3):
 PSYoungGen      total 5632K, used 5606K [0x00000000d5580000, 0x00000000d5d00000, 0x0000000100000000)
  eden space 5120K, 100% used [0x00000000d5580000,0x00000000d5a80000,0x00000000d5a80000)
  from space 512K, 94% used [0x00000000d5c00000,0x00000000d5c79958,0x00000000d5c80000)
  to   space 512K, 0% used [0x00000000d5c80000,0x00000000d5c80000,0x00000000d5d00000)
 ParOldGen       total 131584K, used 131508K [0x0000000080000000, 0x0000000088080000, 0x00000000d5580000)
  object space 131584K, 99% used [0x0000000080000000,0x000000008806d2e0,0x0000000088080000)
 Metaspace       used 67302K, committed 68736K, reserved 1114112K
  class space    used 6964K, committed 7616K, reserved 1048576K
}
Event: 68.470 GC heap after
{Heap after GC invocations=103 (full 3):
 PSYoungGen      total 5632K, used 348K [0x00000000d5580000, 0x00000000d5d00000, 0x0000000100000000)
  eden space 5120K, 0% used [0x00000000d5580000,0x00000000d5580000,0x00000000d5a80000)
  from space 512K, 67% used [0x00000000d5c80000,0x00000000d5cd7018,0x00000000d5d00000)
  to   space 512K, 0% used [0x00000000d5c00000,0x00000000d5c00000,0x00000000d5c80000)
 ParOldGen       total 132096K, used 131812K [0x0000000080000000, 0x0000000088100000, 0x00000000d5580000)
  object space 132096K, 99% used [0x0000000080000000,0x00000000880b92c0,0x0000000088100000)
 Metaspace       used 67302K, committed 68736K, reserved 1114112K
  class space    used 6964K, committed 7616K, reserved 1048576K
}

